{"/mnt/c/workspace/personal/toryas-aws-utils/src/module/domain/S3Element.ts": {"path":"/mnt/c/workspace/personal/toryas-aws-utils/src/module/domain/S3Element.ts","statementMap":{"0":{"start":{"line":1,"column":0},"end":{"line":1,"column":13}},"1":{"start":{"line":9,"column":8},"end":{"line":9,"column":29}},"2":{"start":{"line":10,"column":8},"end":{"line":10,"column":23}},"3":{"start":{"line":11,"column":20},"end":{"line":11,"column":34}},"4":{"start":{"line":12,"column":8},"end":{"line":17,"column":null}},"5":{"start":{"line":13,"column":12},"end":{"line":13,"column":null}},"6":{"start":{"line":15,"column":12},"end":{"line":15,"column":41}},"7":{"start":{"line":16,"column":12},"end":{"line":16,"column":46}},"8":{"start":{"line":20,"column":0},"end":{"line":20,"column":null}},"9":{"start":{"line":1,"column":13},"end":{"line":1,"column":22}}},"fnMap":{"0":{"name":"(anonymous_0)","decl":{"start":{"line":1,"column":0},"end":{"line":1,"column":13}},"loc":{"start":{"line":1,"column":0},"end":{"line":20,"column":null}}},"1":{"name":"S3Element","decl":{"start":{"line":8,"column":4},"end":{"line":8,"column":16}},"loc":{"start":{"line":8,"column":43},"end":{"line":18,"column":5}}}},"branchMap":{"0":{"loc":{"start":{"line":12,"column":8},"end":{"line":17,"column":null}},"type":"if","locations":[{"start":{"line":12,"column":8},"end":{"line":17,"column":null}},{"start":{"line":12,"column":8},"end":{"line":17,"column":null}}]}},"s":{"0":1,"1":1,"2":1,"3":1,"4":1,"5":0,"6":1,"7":1,"8":1,"9":1},"f":{"0":1,"1":1},"b":{"0":[0,1]}}
,"/mnt/c/workspace/personal/toryas-aws-utils/src/module/service/sdk.service.ts": {"path":"/mnt/c/workspace/personal/toryas-aws-utils/src/module/service/sdk.service.ts","statementMap":{"0":{"start":{"line":1,"column":0},"end":{"line":1,"column":31}},"1":{"start":{"line":2,"column":0},"end":{"line":2,"column":31}},"2":{"start":{"line":6,"column":23},"end":{"line":6,"column":55}},"3":{"start":{"line":8,"column":4},"end":{"line":11,"column":null}},"4":{"start":{"line":9,"column":14},"end":{"line":9,"column":24}},"5":{"start":{"line":10,"column":8},"end":{"line":10,"column":38}},"6":{"start":{"line":13,"column":4},"end":{"line":13,"column":15}},"7":{"start":{"line":5,"column":0},"end":{"line":5,"column":16}},"8":{"start":{"line":17,"column":4},"end":{"line":17,"column":66}},"9":{"start":{"line":16,"column":0},"end":{"line":16,"column":16}}},"fnMap":{"0":{"name":"getAWSSdk","decl":{"start":{"line":5,"column":16},"end":{"line":5,"column":25}},"loc":{"start":{"line":5,"column":25},"end":{"line":14,"column":1}}},"1":{"name":"getAthenaApi","decl":{"start":{"line":16,"column":16},"end":{"line":16,"column":28}},"loc":{"start":{"line":16,"column":28},"end":{"line":18,"column":1}}}},"branchMap":{"0":{"loc":{"start":{"line":8,"column":4},"end":{"line":11,"column":null}},"type":"if","locations":[{"start":{"line":8,"column":4},"end":{"line":11,"column":null}},{"start":{"line":8,"column":4},"end":{"line":11,"column":null}}]}},"s":{"0":2,"1":2,"2":0,"3":0,"4":0,"5":0,"6":0,"7":2,"8":0,"9":2},"f":{"0":0,"1":0},"b":{"0":[0,0]}}
,"/mnt/c/workspace/personal/toryas-aws-utils/src/module/utils/athena.util.ts": {"path":"/mnt/c/workspace/personal/toryas-aws-utils/src/module/utils/athena.util.ts","statementMap":{"0":{"start":{"line":1,"column":0},"end":{"line":1,"column":53}},"1":{"start":{"line":4,"column":0},"end":{"line":4,"column":13}},"2":{"start":{"line":8,"column":11},"end":{"line":13,"column":null}},"3":{"start":{"line":9,"column":8},"end":{"line":11,"column":null}},"4":{"start":{"line":10,"column":12},"end":{"line":10,"column":39}},"5":{"start":{"line":12,"column":8},"end":{"line":12,"column":25}},"6":{"start":{"line":14,"column":17},"end":{"line":32,"column":null}},"7":{"start":{"line":15,"column":12},"end":{"line":15,"column":43}},"8":{"start":{"line":17,"column":12},"end":{"line":25,"column":null}},"9":{"start":{"line":27,"column":28},"end":{"line":27,"column":81}},"10":{"start":{"line":27,"column":16},"end":{"line":27,"column":null}},"11":{"start":{"line":28,"column":12},"end":{"line":28,"column":27}},"12":{"start":{"line":30,"column":12},"end":{"line":30,"column":null}},"13":{"start":{"line":34,"column":17},"end":{"line":38,"column":null}},"14":{"start":{"line":35,"column":12},"end":{"line":35,"column":43}},"15":{"start":{"line":36,"column":19},"end":{"line":36,"column":null}},"16":{"start":{"line":36,"column":12},"end":{"line":36,"column":null}},"17":{"start":{"line":37,"column":8},"end":{"line":37,"column":20}},"18":{"start":{"line":41,"column":0},"end":{"line":41,"column":null}},"19":{"start":{"line":4,"column":13},"end":{"line":4,"column":24}}},"fnMap":{"0":{"name":"(anonymous_13)","decl":{"start":{"line":4,"column":0},"end":{"line":4,"column":13}},"loc":{"start":{"line":4,"column":0},"end":{"line":41,"column":null}}},"1":{"name":"(anonymous_15)","decl":{"start":{"line":8,"column":4},"end":{"line":8,"column":11}},"loc":{"start":{"line":8,"column":4},"end":{"line":13,"column":5}}},"2":{"name":"(anonymous_16)","decl":{"start":{"line":14,"column":4},"end":{"line":14,"column":17}},"loc":{"start":{"line":14,"column":71},"end":{"line":32,"column":null}}},"3":{"name":"(anonymous_19)","decl":{"start":{"line":34,"column":4},"end":{"line":34,"column":17}},"loc":{"start":{"line":34,"column":51},"end":{"line":38,"column":null}}}},"branchMap":{"0":{"loc":{"start":{"line":9,"column":8},"end":{"line":11,"column":null}},"type":"if","locations":[{"start":{"line":9,"column":8},"end":{"line":11,"column":null}},{"start":{"line":9,"column":8},"end":{"line":11,"column":null}}]},"1":{"loc":{"start":{"line":23,"column":26},"end":{"line":23,"column":28}},"type":"binary-expr","locations":[{"start":{"line":23,"column":26},"end":{"line":23,"column":28}},{"start":{"line":23,"column":32},"end":{"line":23,"column":41}}]}},"s":{"0":1,"1":1,"2":1,"3":2,"4":1,"5":2,"6":1,"7":1,"8":1,"9":1,"10":1,"11":1,"12":0,"13":1,"14":1,"15":1,"16":1,"17":1,"18":1,"19":1},"f":{"0":1,"1":2,"2":1,"3":1},"b":{"0":[1,1],"1":[1,1]}}
,"/mnt/c/workspace/personal/toryas-aws-utils/src/module/utils/s3.util.ts": {"path":"/mnt/c/workspace/personal/toryas-aws-utils/src/module/utils/s3.util.ts","statementMap":{"0":{"start":{"line":1,"column":8},"end":{"line":1,"column":17}},"1":{"start":{"line":2,"column":0},"end":{"line":2,"column":47}},"2":{"start":{"line":16,"column":12},"end":{"line":16,"column":30}},"3":{"start":{"line":17,"column":12},"end":{"line":17,"column":30}},"4":{"start":{"line":18,"column":12},"end":{"line":18,"column":51}},"5":{"start":{"line":19,"column":12},"end":{"line":23,"column":null}},"6":{"start":{"line":24,"column":19},"end":{"line":24,"column":null}},"7":{"start":{"line":24,"column":12},"end":{"line":24,"column":null}},"8":{"start":{"line":25,"column":8},"end":{"line":25,"column":45}},"9":{"start":{"line":27,"column":8},"end":{"line":27,"column":null}},"10":{"start":{"line":14,"column":0},"end":{"line":14,"column":22}},"11":{"start":{"line":39,"column":12},"end":{"line":39,"column":30}},"12":{"start":{"line":40,"column":12},"end":{"line":40,"column":30}},"13":{"start":{"line":41,"column":12},"end":{"line":44,"column":null}},"14":{"start":{"line":45,"column":8},"end":{"line":45,"column":58}},"15":{"start":{"line":46,"column":8},"end":{"line":46,"column":20}},"16":{"start":{"line":48,"column":8},"end":{"line":48,"column":21}},"17":{"start":{"line":37,"column":0},"end":{"line":37,"column":22}},"18":{"start":{"line":59,"column":12},"end":{"line":59,"column":51}},"19":{"start":{"line":60,"column":25},"end":{"line":60,"column":null}},"20":{"start":{"line":60,"column":12},"end":{"line":60,"column":null}},"21":{"start":{"line":61,"column":12},"end":{"line":61,"column":22}},"22":{"start":{"line":62,"column":12},"end":{"line":62,"column":66}},"23":{"start":{"line":64,"column":8},"end":{"line":64,"column":26}},"24":{"start":{"line":66,"column":8},"end":{"line":66,"column":null}},"25":{"start":{"line":57,"column":0},"end":{"line":57,"column":22}},"26":{"start":{"line":91,"column":16},"end":{"line":91,"column":32}},"27":{"start":{"line":92,"column":4},"end":{"line":92,"column":61}},"28":{"start":{"line":90,"column":0},"end":{"line":90,"column":16}}},"fnMap":{"0":{"name":"s3CopyFile","decl":{"start":{"line":14,"column":22},"end":{"line":14,"column":32}},"loc":{"start":{"line":14,"column":83},"end":{"line":29,"column":null}}},"1":{"name":"s3DeleteFile","decl":{"start":{"line":37,"column":22},"end":{"line":37,"column":34}},"loc":{"start":{"line":37,"column":62},"end":{"line":50,"column":null}}},"2":{"name":"s3RenameFile","decl":{"start":{"line":57,"column":22},"end":{"line":57,"column":34}},"loc":{"start":{"line":57,"column":64},"end":{"line":68,"column":null}}},"3":{"name":"s3URLDeconstruct","decl":{"start":{"line":90,"column":16},"end":{"line":90,"column":32}},"loc":{"start":{"line":90,"column":46},"end":{"line":93,"column":1}}}},"branchMap":{"0":{"loc":{"start":{"line":64,"column":8},"end":{"line":64,"column":26}},"type":"switch","locations":[{"start":{"line":64,"column":8},"end":{"line":64,"column":26}}]},"1":{"loc":{"start":{"line":61,"column":12},"end":{"line":61,"column":22}},"type":"if","locations":[{"start":{"line":61,"column":12},"end":{"line":61,"column":22}},{"start":{"line":61,"column":12},"end":{"line":61,"column":22}}]}},"s":{"0":1,"1":1,"2":0,"3":0,"4":0,"5":0,"6":0,"7":0,"8":0,"9":0,"10":1,"11":0,"12":0,"13":0,"14":0,"15":0,"16":0,"17":1,"18":0,"19":0,"20":0,"21":0,"22":0,"23":0,"24":0,"25":1,"26":1,"27":1,"28":1},"f":{"0":0,"1":0,"2":0,"3":1},"b":{"0":[0],"1":[0,0]}}
}
