TN:
SF:src/module/domain/S3Element.ts
FN:1,(anonymous_0)
FN:8,S3Element
FNF:2
FNH:2
FNDA:1,(anonymous_0)
FNDA:1,S3Element
DA:1,1
DA:9,1
DA:10,1
DA:11,1
DA:12,1
DA:13,0
DA:15,1
DA:16,1
DA:20,1
LF:9
LH:8
BRDA:12,0,0,0
BRDA:12,0,1,1
BRF:2
BRH:1
end_of_record
TN:
SF:src/module/service/sdk.service.ts
FN:5,getAWSSdk
FN:16,getAthenaApi
FNF:2
FNH:0
FNDA:0,getAWSSdk
FNDA:0,getAthenaApi
DA:1,2
DA:2,2
DA:5,2
DA:6,0
DA:8,0
DA:9,0
DA:10,0
DA:13,0
DA:16,2
DA:17,0
LF:10
LH:4
BRDA:8,0,0,0
BRDA:8,0,1,0
BRF:2
BRH:0
end_of_record
TN:
SF:src/module/utils/athena.util.ts
FN:4,(anonymous_13)
FN:8,(anonymous_15)
FN:14,(anonymous_16)
FN:34,(anonymous_19)
FNF:4
FNH:4
FNDA:1,(anonymous_13)
FNDA:2,(anonymous_15)
FNDA:1,(anonymous_16)
FNDA:1,(anonymous_19)
DA:1,1
DA:4,1
DA:8,1
DA:9,2
DA:10,1
DA:12,2
DA:14,1
DA:15,1
DA:17,1
DA:27,1
DA:28,1
DA:30,0
DA:34,1
DA:35,1
DA:36,1
DA:37,1
DA:41,1
LF:17
LH:16
BRDA:9,0,0,1
BRDA:9,0,1,1
BRDA:23,1,0,1
BRDA:23,1,1,1
BRF:4
BRH:4
end_of_record
TN:
SF:src/module/utils/s3.util.ts
FN:14,s3CopyFile
FN:37,s3DeleteFile
FN:57,s3RenameFile
FN:90,s3URLDeconstruct
FNF:4
FNH:1
FNDA:0,s3CopyFile
FNDA:0,s3DeleteFile
FNDA:0,s3RenameFile
FNDA:1,s3URLDeconstruct
DA:1,1
DA:2,1
DA:14,1
DA:16,0
DA:17,0
DA:18,0
DA:19,0
DA:24,0
DA:25,0
DA:27,0
DA:37,1
DA:39,0
DA:40,0
DA:41,0
DA:45,0
DA:46,0
DA:48,0
DA:57,1
DA:59,0
DA:60,0
DA:61,0
DA:62,0
DA:64,0
DA:66,0
DA:90,1
DA:91,1
DA:92,1
LF:27
LH:8
BRDA:64,0,0,0
BRDA:61,1,0,0
BRDA:61,1,1,0
BRF:3
BRH:0
end_of_record
